[2021-02-27T11:13:44.687] [INFO] server - Start server...
[2021-02-27T11:13:47.024] [INFO] server - Recived a request with method GET to /api/tutorials
[2021-02-27T11:15:37.376] [INFO] server - Start server...
[2021-02-27T11:15:39.321] [INFO] server - Recived a request with method GET to /api/tutorials
[2021-02-27T11:15:43.888] [INFO] server - Start server...
[2021-02-27T11:15:46.755] [INFO] server - Recived a request with method GET to /api/users/1
[2021-02-27T11:16:01.627] [INFO] server - Start server...
[2021-02-27T11:16:03.582] [INFO] server - Recived a request with method GET to /api/users/1
[2021-02-27T11:16:50.594] [INFO] server - Start server...
[2021-02-27T11:16:53.531] [INFO] server - Recived a request with method GET to /api/users/1
[2021-02-27T11:17:57.687] [INFO] server - Start server...
[2021-02-27T11:18:00.275] [INFO] server - Recived a request with method GET to /api/users/1
[2021-02-27T11:26:56.020] [INFO] server - Start server...
[2021-02-27T11:28:21.730] [INFO] server - Start server...
[2021-02-27T11:28:41.761] [INFO] server - Start server...
[2021-02-27T11:28:43.647] [INFO] server - Recived a request with method GET to /api/tutorials
[2021-02-27T11:30:07.944] [INFO] server - Start server...
[2021-02-27T11:30:43.736] [INFO] server - Start server...
[2021-02-27T11:31:29.819] [INFO] server - Start server...
[2021-02-27T11:32:23.463] [INFO] server - Start server...
[2021-02-27T11:33:34.701] [INFO] server - Start server...
[2021-02-27T11:33:36.977] [INFO] server - Recived a request with method GET to /api/tutorials
[2021-02-27T11:34:01.322] [INFO] server - Start server...
[2021-02-27T11:34:02.758] [INFO] server - Recived a request with method GET to /api/tutorials
[2021-02-27T12:08:21.977] [INFO] server - Start server...
[2021-02-27T12:08:34.423] [INFO] server - Start server...
[2021-02-27T12:08:53.606] [INFO] server - Recived a request with method POST to /api/accounts/login
[2021-02-27T12:11:18.532] [INFO] server - Start server...
[2021-02-27T12:11:22.432] [INFO] server - Recived a request with method POST to /api/accounts/login
[2021-02-27T12:12:02.050] [INFO] server - Start server...
[2021-02-27T12:12:05.818] [INFO] server - Recived a request with method POST to /api/accounts/login
[2021-02-27T12:12:34.115] [INFO] server - Start server...
[2021-02-27T12:12:38.944] [INFO] server - Recived a request with method POST to /api/accounts/login
[2021-02-27T12:13:17.901] [INFO] server - Start server...
[2021-02-27T12:13:19.744] [INFO] server - Recived a request with method POST to /api/accounts/login
[2021-02-27T12:14:21.809] [INFO] server - Start server...
[2021-02-27T12:14:24.687] [INFO] server - Recived a request with method POST to /api/accounts/login
[2021-02-27T12:17:00.984] [INFO] server - Start server...
[2021-02-27T12:17:04.315] [INFO] server - Recived a request with method POST to /api/accounts/login
[2021-02-27T12:17:50.918] [INFO] server - Start server...
[2021-02-27T12:17:52.864] [INFO] server - Recived a request with method POST to /api/accounts/login
[2021-02-27T12:18:20.662] [INFO] server - Start server...
[2021-02-27T12:18:23.192] [INFO] server - Recived a request with method POST to /api/accounts/login
[2021-02-27T12:18:54.062] [INFO] server - Start server...
[2021-02-27T12:18:56.447] [INFO] server - Recived a request with method POST to /api/accounts/login
[2021-02-27T12:20:17.265] [INFO] server - Start server...
[2021-02-27T12:20:19.981] [INFO] server - Recived a request with method POST to /api/accounts/login
[2021-02-27T12:20:43.614] [INFO] server - Start server...
[2021-02-27T12:20:46.154] [INFO] server - Recived a request with method POST to /api/accounts/login
[2021-02-27T12:21:51.674] [INFO] server - Start server...
[2021-02-27T12:21:53.671] [INFO] server - Recived a request with method POST to /api/accounts/login
[2021-02-27T12:22:22.709] [INFO] server - Start server...
[2021-02-27T12:22:25.198] [INFO] server - Recived a request with method POST to /api/accounts/login
[2021-02-27T12:24:00.453] [INFO] server - Start server...
[2021-02-27T12:24:02.628] [INFO] server - Recived a request with method POST to /api/accounts/login
[2021-02-27T12:25:39.539] [INFO] server - Start server...
[2021-02-27T12:25:42.371] [INFO] server - Recived a request with method POST to /api/accounts/login
[2021-02-27T12:26:44.836] [INFO] server - Start server...
[2021-02-27T12:26:48.326] [INFO] server - Recived a request with method POST to /api/accounts/login
[2021-02-27T12:28:30.010] [INFO] server - Start server...
[2021-02-27T12:28:32.249] [INFO] server - Recived a request with method POST to /api/accounts/login
[2021-02-27T12:28:47.761] [INFO] server - Start server...
[2021-02-27T12:28:49.590] [INFO] server - Recived a request with method POST to /api/accounts/login
[2021-02-27T12:29:47.295] [INFO] server - Start server...
[2021-02-27T12:29:49.692] [INFO] server - Recived a request with method POST to /api/accounts/login
[2021-02-27T12:30:16.245] [INFO] server - Start server...
[2021-02-27T12:30:18.429] [INFO] server - Recived a request with method POST to /api/accounts/login
[2021-02-27T12:32:00.460] [INFO] server - Start server...
[2021-02-27T12:32:04.099] [INFO] server - Recived a request with method POST to /api/accounts/login
[2021-02-27T12:32:56.121] [INFO] server - Start server...
[2021-02-27T12:32:58.756] [INFO] server - Recived a request with method POST to /api/accounts/login
[2021-02-27T13:00:04.745] [INFO] server - Start server...
[2021-02-27T13:00:10.422] [INFO] server - Recived a request with method POST to /api/accounts/login
[2021-02-27T13:00:41.476] [INFO] server - Start server...
[2021-02-27T13:00:45.752] [INFO] server - Recived a request with method POST to /api/accounts/login
[2021-02-27T13:01:07.728] [INFO] server - Recived a request with method GET to /api/users/1
[2021-02-27T13:24:54.561] [INFO] server - Start server...
[2021-02-27T13:24:56.978] [INFO] server - Recived a request with method GET to /api/users/1?pageSize=1111111
[2021-02-27T13:26:03.606] [INFO] server - Start server...
[2021-02-27T13:26:07.328] [INFO] server - Recived a request with method GET to /api/users/1?pageSize=1111111
[2021-02-27T13:26:19.545] [INFO] server - Recived a request with method GET to /api/users/1?page_size=1111111
[2021-02-27T13:29:55.438] [INFO] server - Start server...
[2021-02-27T13:29:57.961] [INFO] server - Recived a request with method GET to /api/users
[2021-02-27T13:30:21.649] [INFO] server - Recived a request with method GET to /api/users
[2021-02-27T13:30:28.285] [INFO] server - Recived a request with method GET to /api/users
[2021-02-27T13:44:08.533] [INFO] server - Start server...
[2021-02-27T13:44:11.045] [INFO] server - Recived a request with method GET to /api/users
[2021-02-27T13:44:14.730] [INFO] server - Recived a request with method POST to /api/accounts/login
[2021-02-27T13:44:27.741] [INFO] server - Recived a request with method GET to /api/users
[2021-02-27T13:45:08.788] [INFO] server - Start server...
[2021-02-27T13:45:14.675] [INFO] server - Recived a request with method GET to /api/users
[2021-02-27T13:46:43.067] [INFO] server - Start server...
[2021-02-27T13:46:45.907] [INFO] server - Recived a request with method GET to /api/users
[2021-02-27T13:48:05.142] [INFO] server - Start server...
[2021-02-27T13:48:07.171] [INFO] server - Recived a request with method GET to /api/users
[2021-02-27T13:49:50.274] [INFO] server - Start server...
[2021-02-27T13:49:52.340] [INFO] server - Recived a request with method GET to /api/users
[2021-02-27T13:50:43.555] [INFO] server - Start server...
[2021-02-27T13:50:45.812] [INFO] server - Recived a request with method GET to /api/users
[2021-02-27T13:55:25.708] [INFO] server - Start server...
[2021-02-27T13:55:28.107] [INFO] server - Recived a request with method GET to /api/users
[2021-02-27T13:56:05.012] [INFO] server - Start server...
[2021-02-27T13:56:06.989] [INFO] server - Recived a request with method GET to /api/users
[2021-02-27T13:56:20.088] [INFO] server - Start server...
[2021-02-27T13:56:22.298] [INFO] server - Recived a request with method GET to /api/users
[2021-02-27T13:57:11.067] [INFO] server - Start server...
[2021-02-27T13:57:13.499] [INFO] server - Recived a request with method GET to /api/users
[2021-02-27T13:58:55.573] [INFO] server - Start server...
[2021-02-27T13:58:57.082] [INFO] server - Recived a request with method GET to /api/tutorials
[2021-02-27T13:59:00.872] [INFO] server - Start server...
[2021-02-27T13:59:03.098] [INFO] server - Recived a request with method GET to /api/users
[2021-02-27T14:11:50.818] [INFO] server - Start server...
[2021-02-27T14:11:55.641] [INFO] server - Recived a request with method GET to /api/users
[2021-02-27T14:11:55.678] [ERROR] default - Validate request information fail!. Error:  "isJoi" is not allowed. "_currentJoi" is not allowed. "_type" is not allowed. "_settings" is not allowed. "_baseType" is not allowed. "_valids" is not allowed. "_invalids" is not allowed. "_tests" is not allowed. "_refs" is not allowed. "_flags" is not allowed. "_description" is not allowed. "_unit" is not allowed. "_notes" is not allowed. "_tags" is not allowed. "_examples" is not allowed. "_meta" is not allowed. "_inner" is not allowed
[2021-02-27T14:12:27.115] [INFO] server - Recived a request with method GET to /api/users?page_index=1
[2021-02-27T14:12:27.137] [ERROR] default - Validate request information fail!. Error:  "isJoi" is not allowed. "_currentJoi" is not allowed. "_type" is not allowed. "_settings" is not allowed. "_baseType" is not allowed. "_valids" is not allowed. "_invalids" is not allowed. "_tests" is not allowed. "_refs" is not allowed. "_flags" is not allowed. "_description" is not allowed. "_unit" is not allowed. "_notes" is not allowed. "_tags" is not allowed. "_examples" is not allowed. "_meta" is not allowed. "_inner" is not allowed
[2021-02-27T14:13:02.322] [INFO] server - Start server...
[2021-02-27T14:13:04.628] [INFO] server - Recived a request with method GET to /api/users?page_index=1
[2021-02-27T14:13:04.680] [ERROR] default - Validate request information fail!. Error:  "isJoi" is not allowed. "_currentJoi" is not allowed. "_type" is not allowed. "_settings" is not allowed. "_baseType" is not allowed. "_valids" is not allowed. "_invalids" is not allowed. "_tests" is not allowed. "_refs" is not allowed. "_flags" is not allowed. "_description" is not allowed. "_unit" is not allowed. "_notes" is not allowed. "_tags" is not allowed. "_examples" is not allowed. "_meta" is not allowed. "_inner" is not allowed
[2021-02-27T14:13:35.225] [INFO] server - Start server...
[2021-02-27T14:13:37.837] [INFO] server - Recived a request with method GET to /api/users?page_index=1
[2021-02-27T14:13:37.869] [ERROR] default - Validate request information fail!. Error:  "isJoi" is not allowed. "_type" is not allowed. "_settings" is not allowed. "_valids" is not allowed. "_invalids" is not allowed. "_tests" is not allowed. "_refs" is not allowed. "_flags" is not allowed. "_description" is not allowed. "_unit" is not allowed. "_notes" is not allowed. "_tags" is not allowed. "_examples" is not allowed. "_meta" is not allowed. "_inner" is not allowed. "_currentJoi" is not allowed
[2021-02-27T14:14:13.898] [INFO] server - Start server...
[2021-02-27T14:14:16.565] [INFO] server - Recived a request with method GET to /api/users?page_index=1
[2021-02-27T14:14:19.879] [INFO] server - Recived a request with method POST to /api/accounts/login
[2021-02-27T14:14:31.531] [INFO] server - Recived a request with method GET to /api/users?page_index=1
[2021-02-27T14:14:37.986] [INFO] server - Recived a request with method GET to /api/users?page_index=1a
[2021-02-27T14:14:51.228] [INFO] server - Start server...
[2021-02-27T14:14:54.413] [INFO] server - Recived a request with method GET to /api/users?page_index=1a
[2021-02-27T14:14:54.453] [ERROR] default - Validate request information fail!. Error:  child "page_index" fails because ["page_index" must be a number]
[2021-02-27T14:15:01.808] [INFO] server - Recived a request with method GET to /api/users
[2021-02-27T14:15:21.830] [INFO] server - Start server...
[2021-02-27T14:15:24.957] [INFO] server - Recived a request with method GET to /api/users
[2021-02-27T14:15:42.495] [INFO] server - Recived a request with method GET to /api/users?page_index=a
[2021-02-27T14:15:42.515] [ERROR] default - Validate request information fail!. Error:  child "page_index" fails because ["page_index" must be a number]
[2021-02-27T14:15:46.940] [INFO] server - Recived a request with method GET to /api/users?page_index=2
[2021-02-27T14:15:51.951] [INFO] server - Recived a request with method GET to /api/users?page_index=1
[2021-02-27T14:17:59.715] [INFO] server - Recived a request with method GET to /api/users?page_index=-1
[2021-02-27T14:17:59.729] [ERROR] default - Validate request information fail!. Error:  child "page_index" fails because ["page_index" must be larger than or equal to 1]
[2021-02-27T14:18:03.653] [INFO] server - Recived a request with method GET to /api/users?page_index=1
[2021-02-27T14:27:15.839] [INFO] server - Start server...
[2021-02-27T14:27:27.650] [INFO] server - Recived a request with method GET to /api/users?filter=1
[2021-02-27T14:27:37.117] [INFO] server - Recived a request with method GET to /api/users?filter=1%27
[2021-02-27T14:27:37.127] [ERROR] default - Validate request information fail!. Error:  child "filter" fails because ["filter" with value "1'" fails to match the required pattern: /^[a-zA-Z0-9!@#$%&*]$/]
[2021-02-27T14:27:56.701] [INFO] server - Start server...
[2021-02-27T14:28:01.598] [INFO] server - Recived a request with method GET to /api/users?filter=1%27
[2021-02-27T14:28:01.637] [ERROR] default - Validate request information fail!. Error:  child "filter" fails because ["filter" with value "1'" fails to match the required pattern: /^[a-zA-Z0-9!@#$%&*']$/]
[2021-02-27T14:28:12.485] [INFO] server - Recived a request with method GET to /api/users?filter=1&
[2021-02-27T14:32:29.495] [INFO] server - Start server...
[2021-02-27T14:32:31.820] [INFO] server - Recived a request with method POST to /api/accounts/login
[2021-02-27T14:34:37.196] [INFO] server - Recived a request with method POST to /api/accounts/login
[2021-02-27T14:35:44.850] [INFO] server - Recived a request with method GET to /api/users?filter=1
[2021-02-27T14:35:52.534] [INFO] server - Recived a request with method GET to /api/users?filter=1
[2021-02-27T14:36:15.689] [INFO] server - Recived a request with method GET to /api/users?filter=1
[2021-02-27T14:36:29.817] [INFO] server - Recived a request with method GET to /api/users?filter=1
[2021-02-27T14:37:38.021] [INFO] server - Start server...
[2021-02-27T14:38:11.664] [INFO] server - Recived a request with method GET to /api/users?filter=1
[2021-02-27T14:38:20.209] [INFO] server - Recived a request with method GET to /api/users?filter=1
[2021-02-27T14:38:21.532] [INFO] server - Recived a request with method GET to /api/users?filter=1
[2021-02-27T14:38:32.374] [INFO] server - Recived a request with method GET to /api/users?filter=1
[2021-02-27T14:38:48.218] [INFO] server - Recived a request with method GET to /api/users?filter=1
[2021-02-27T14:38:53.898] [INFO] server - Recived a request with method GET to /api/users?filter=1
[2021-02-27T14:42:31.984] [INFO] server - Start server...
[2021-02-27T14:44:29.928] [INFO] server - Recived a request with method GET to /api/users?filter=1
[2021-02-27T14:44:39.890] [INFO] server - Recived a request with method GET to /api/users
[2021-02-27T15:04:21.738] [INFO] server - Start server...
[2021-02-27T15:04:29.764] [INFO] server - Recived a request with method GET to /api/users
[2021-02-27T15:04:53.479] [INFO] server - Recived a request with method POST to /api/accounts/login
[2021-02-27T15:04:56.412] [INFO] server - Recived a request with method GET to /api/users
[2021-02-27T15:05:18.442] [INFO] server - Start server...
[2021-02-27T15:05:21.231] [INFO] server - Recived a request with method POST to /api/accounts/login
[2021-02-27T15:05:23.570] [INFO] server - Recived a request with method GET to /api/users
[2021-02-27T15:05:59.844] [INFO] server - Recived a request with method GET to /api/users?filter=1
[2021-02-27T15:06:13.505] [INFO] server - Start server...
[2021-02-27T15:06:15.551] [INFO] server - Recived a request with method GET to /api/users?filter=1
[2021-02-27T15:06:36.429] [INFO] server - Recived a request with method POST to /api/accounts/login
[2021-02-27T15:06:38.942] [INFO] server - Recived a request with method GET to /api/users?filter=1
[2021-02-27T17:10:30.123] [INFO] server - Start server...
[2021-02-27T17:10:36.418] [INFO] server - Recived a request with method POST to /api/accounts/login
[2021-02-27T17:10:40.769] [INFO] server - Recived a request with method GET to /api/users?filter=1
[2021-02-27T17:10:46.714] [INFO] server - Recived a request with method GET to /api/users
[2021-02-27T17:14:34.589] [INFO] server - Start server...
[2021-02-27T17:14:45.298] [INFO] server - Recived a request with method POST to /api/accounts/login
[2021-02-27T17:14:51.810] [INFO] server - Recived a request with method GET to /api/users
[2021-02-27T17:18:33.929] [INFO] server - Start server...
[2021-02-27T17:18:42.109] [INFO] server - Recived a request with method GET to /api/users
[2021-02-27T17:19:41.031] [INFO] server - Start server...
[2021-02-27T17:19:43.485] [INFO] server - Recived a request with method GET to /api/tutorials
[2021-02-27T17:19:48.268] [INFO] server - Start server...
[2021-02-27T17:19:50.858] [INFO] server - Recived a request with method GET to /api/users
[2021-02-27T17:21:50.489] [INFO] server - Start server...
[2021-02-27T17:21:53.424] [INFO] server - Recived a request with method GET to /api/users
[2021-02-27T17:22:50.068] [INFO] server - Recived a request with method GET to /api/users
[2021-02-27T17:23:07.101] [INFO] server - Start server...
[2021-02-27T17:23:08.988] [INFO] server - Recived a request with method GET to /api/users
[2021-02-27T17:24:22.082] [INFO] server - Start server...
[2021-02-27T17:24:25.984] [INFO] server - Recived a request with method GET to /api/users
[2021-02-27T17:25:02.311] [INFO] server - Start server...
[2021-02-27T17:25:04.437] [INFO] server - Recived a request with method GET to /api/users
[2021-02-27T17:25:51.051] [INFO] server - Start server...
[2021-02-27T17:25:53.369] [INFO] server - Recived a request with method GET to /api/users
[2021-02-27T17:26:14.166] [INFO] server - Start server...
[2021-02-27T17:26:16.768] [INFO] server - Recived a request with method GET to /api/users
[2021-02-27T17:26:44.248] [INFO] server - Start server...
[2021-02-27T17:26:46.403] [INFO] server - Recived a request with method GET to /api/users
[2021-02-27T17:28:39.947] [INFO] server - Start server...
[2021-02-27T17:28:42.783] [INFO] server - Recived a request with method GET to /api/users
[2021-02-27T17:30:14.758] [INFO] server - Start server...
[2021-02-27T17:30:17.002] [INFO] server - Recived a request with method GET to /api/users
[2021-02-27T17:35:37.345] [INFO] server - Start server...
[2021-02-27T17:35:41.370] [INFO] server - Recived a request with method GET to /api/users
[2021-02-27T17:36:21.980] [INFO] server - Start server...
[2021-02-27T17:36:24.609] [INFO] server - Recived a request with method GET to /api/users
[2021-02-27T17:37:49.019] [INFO] server - Start server...
[2021-02-27T17:37:53.475] [INFO] server - Recived a request with method GET to /api/users
[2021-02-27T17:40:31.802] [INFO] server - Start server...
[2021-02-27T17:40:34.114] [INFO] server - Recived a request with method GET to /api/users
[2021-02-27T17:44:00.804] [INFO] server - Start server...
[2021-02-27T17:44:06.031] [INFO] server - Recived a request with method GET to /api/users
[2021-02-27T17:46:25.337] [INFO] server - Start server...
[2021-02-27T17:46:29.810] [INFO] server - Recived a request with method GET to /api/users
[2021-02-27T17:46:33.351] [INFO] server - Recived a request with method POST to /api/accounts/login
[2021-02-27T17:46:35.317] [INFO] server - Recived a request with method GET to /api/users
[2021-02-27T17:47:57.206] [INFO] server - Start server...
[2021-02-27T17:48:01.353] [INFO] server - Recived a request with method GET to /api/users
[2021-02-27T17:48:16.773] [INFO] server - Start server...
[2021-02-27T17:48:19.264] [INFO] server - Recived a request with method GET to /api/users
[2021-02-27T17:49:27.854] [INFO] server - Start server...
[2021-02-27T17:49:34.319] [INFO] server - Recived a request with method GET to /api/users
[2021-02-27T17:49:53.943] [INFO] server - Start server...
[2021-02-27T17:49:56.267] [INFO] server - Recived a request with method GET to /api/users
[2021-02-27T17:50:19.059] [INFO] server - Start server...
[2021-02-27T17:50:22.309] [INFO] server - Recived a request with method GET to /api/users
[2021-02-27T17:51:21.766] [INFO] server - Start server...
[2021-02-27T17:51:37.821] [INFO] server - Start server...
[2021-02-27T17:51:40.740] [INFO] server - Recived a request with method GET to /api/users
[2021-02-27T17:52:44.297] [INFO] server - Start server...
[2021-02-27T17:52:47.538] [INFO] server - Recived a request with method GET to /api/users
[2021-02-27T17:53:22.887] [INFO] server - Start server...
[2021-02-27T17:53:25.581] [INFO] server - Recived a request with method GET to /api/users
[2021-02-27T18:03:48.274] [INFO] server - Start server...
[2021-02-27T18:03:51.170] [INFO] server - Recived a request with method GET to /api/users
[2021-02-27T18:25:04.091] [INFO] server - Start server...
[2021-02-27T18:25:08.381] [INFO] server - Recived a request with method POST to /api/accounts/login
[2021-02-27T18:25:11.250] [INFO] server - Recived a request with method GET to /api/users
[2021-02-27T18:25:19.401] [INFO] server - Recived a request with method GET to /api/users
[2021-02-27T18:25:41.338] [INFO] server - Start server...
[2021-02-27T18:25:44.240] [INFO] server - Recived a request with method GET to /api/users
[2021-02-27T18:27:06.476] [INFO] server - Start server...
[2021-02-27T18:27:09.258] [INFO] server - Recived a request with method GET to /api/users
[2021-02-27T18:27:54.223] [INFO] server - Start server...
[2021-02-27T18:27:56.465] [INFO] server - Recived a request with method GET to /api/users
[2021-02-27T18:28:32.606] [INFO] server - Start server...
[2021-02-27T18:28:35.063] [INFO] server - Recived a request with method GET to /api/users
[2021-02-27T18:29:12.971] [INFO] server - Start server...
[2021-02-27T18:29:15.111] [INFO] server - Recived a request with method GET to /api/users
[2021-02-27T18:29:28.463] [INFO] server - Start server...
[2021-02-27T18:29:30.707] [INFO] server - Recived a request with method GET to /api/users
[2021-02-27T18:30:00.440] [INFO] server - Start server...
[2021-02-27T18:30:02.412] [INFO] server - Recived a request with method GET to /api/users
[2021-02-27T18:30:12.712] [INFO] server - Start server...
[2021-02-27T18:30:14.682] [INFO] server - Recived a request with method GET to /api/users
[2021-02-27T18:30:40.779] [INFO] server - Start server...
[2021-02-27T18:30:42.877] [INFO] server - Recived a request with method GET to /api/users
[2021-02-27T18:31:36.151] [INFO] server - Start server...
[2021-02-27T18:31:38.258] [INFO] server - Recived a request with method GET to /api/users
[2021-02-27T18:31:53.287] [INFO] server - Start server...
[2021-02-27T18:31:55.111] [INFO] server - Recived a request with method GET to /api/users
[2021-02-27T18:32:19.353] [INFO] server - Start server...
[2021-02-27T18:32:21.575] [INFO] server - Recived a request with method GET to /api/users
[2021-02-27T18:35:23.069] [INFO] server - Start server...
[2021-02-27T18:35:27.030] [INFO] server - Recived a request with method GET to /api/users
[2021-02-27T18:38:41.342] [INFO] server - Start server...
[2021-02-27T18:52:59.083] [INFO] server - Start server...
[2021-02-27T18:53:02.009] [INFO] server - Recived a request with method GET to /api/users
[2021-02-27T19:29:53.248] [INFO] server - Start server...
[2021-02-27T19:30:10.950] [INFO] server - Start server...
[2021-02-27T19:30:16.081] [INFO] server - Recived a request with method GET to /api/users
[2021-02-27T19:30:19.585] [INFO] server - Recived a request with method POST to /api/accounts/login
[2021-02-27T19:30:22.139] [INFO] server - Recived a request with method GET to /api/users
[2021-02-27T19:37:21.430] [INFO] server - Start server...
[2021-02-27T19:37:47.669] [INFO] server - Start server...
[2021-02-27T19:38:57.058] [INFO] server - Start server...
[2021-02-27T19:38:58.161] [INFO] server - Recived a request with method GET to /api/tutorials
[2021-02-27T19:39:44.312] [INFO] server - Start server...
[2021-02-27T19:42:53.258] [INFO] server - Start server...
[2021-02-27T19:44:34.590] [INFO] server - Start server...
[2021-02-27T19:44:35.677] [INFO] server - Recived a request with method GET to /api/tutorials
[2021-02-27T19:45:05.572] [INFO] server - Start server...
[2021-02-27T19:45:32.372] [INFO] server - Start server...
[2021-02-27T19:46:10.913] [INFO] server - Start server...
[2021-02-27T19:47:48.766] [INFO] server - Start server...
[2021-02-27T19:48:08.452] [INFO] server - Start server...
[2021-02-27T20:04:03.351] [INFO] server - Start server...
[2021-02-27T20:04:04.593] [INFO] server - Recived a request with method GET to /api/users
[2021-02-27T20:04:37.134] [INFO] server - Start server...
[2021-02-27T20:04:38.357] [INFO] server - Recived a request with method GET to /api/users
[2021-02-27T20:05:17.682] [INFO] server - Start server...
[2021-02-27T20:05:18.790] [INFO] server - Recived a request with method GET to /api/users
[2021-02-27T20:10:06.266] [INFO] server - Start server...
[2021-02-27T20:10:07.368] [INFO] server - Recived a request with method GET to /api/users
[2021-02-27T20:10:43.100] [INFO] server - Start server...
[2021-02-27T20:10:44.346] [INFO] server - Recived a request with method GET to /api/users
[2021-02-27T20:11:21.337] [INFO] server - Start server...
[2021-02-27T20:11:22.450] [INFO] server - Recived a request with method GET to /api/users
[2021-02-27T20:19:15.212] [INFO] server - Start server...
[2021-02-27T20:19:16.303] [INFO] server - Recived a request with method GET to /api/users
[2021-02-27T20:19:40.603] [INFO] server - Start server...
[2021-02-27T20:19:41.665] [INFO] server - Recived a request with method GET to /api/users
[2021-02-27T20:20:06.056] [INFO] server - Start server...
[2021-02-27T20:20:07.219] [INFO] server - Recived a request with method GET to /api/users
[2021-02-27T20:40:23.976] [INFO] server - Start server...
[2021-02-27T20:40:25.302] [INFO] server - Recived a request with method GET to /api/users
[2021-02-27T21:08:56.011] [INFO] server - Start server...
[2021-02-27T21:11:58.664] [INFO] server - Start server...
[2021-02-27T21:13:18.426] [INFO] server - Start server...
[2021-02-27T21:13:19.541] [INFO] server - Recived a request with method GET to /api/users
[2021-02-27T22:06:52.864] [INFO] server - Start server...
[2021-02-27T23:04:36.700] [INFO] server - Start server...
[2021-02-27T23:08:31.557] [INFO] server - Start server...
[2021-02-28T01:31:28.092] [INFO] server - Start server...
[2021-02-28T01:31:37.299] [INFO] server - Recived a request with method POST to /api/accounts/login
[2021-02-28T01:31:39.413] [INFO] server - Recived a request with method GET to /api/users
[2021-02-28T01:32:02.242] [INFO] server - Start server...
[2021-02-28T01:32:04.476] [INFO] server - Recived a request with method GET to /api/users
[2021-02-28T01:39:40.748] [INFO] server - Start server...
[2021-02-28T01:39:47.940] [INFO] server - Recived a request with method POST to /api/accounts/login
[2021-02-28T01:39:49.923] [INFO] server - Recived a request with method GET to /api/users
[2021-02-28T01:40:02.955] [INFO] server - Recived a request with method GET to /api/users
[2021-02-28T01:43:09.476] [INFO] server - Start server...
[2021-02-28T01:43:13.803] [INFO] server - Recived a request with method GET to /api/users
[2021-02-28T01:48:56.971] [INFO] server - Start server...
[2021-02-28T01:50:16.137] [INFO] server - Start server...
[2021-02-28T01:50:31.467] [INFO] server - Recived a request with method GET to /api/users
[2021-02-28T01:54:09.219] [INFO] server - Start server...
[2021-02-28T01:55:03.667] [INFO] server - Start server...
[2021-02-28T01:55:09.855] [INFO] server - Recived a request with method GET to /api/users
[2021-02-28T02:04:32.048] [INFO] server - Start server...
[2021-02-28T02:06:24.542] [INFO] server - Start server...
[2021-02-28T08:03:49.816] [INFO] server - Start server...
[2021-02-28T08:04:05.233] [INFO] server - Recived a request with method POST to /api/accounts/login
[2021-02-28T08:04:07.364] [INFO] server - Recived a request with method GET to /api/users
[2021-02-28T08:04:13.680] [INFO] server - Recived a request with method GET to /api/users
[2021-02-28T08:05:06.613] [INFO] server - Start server...
[2021-02-28T08:05:10.536] [INFO] server - Recived a request with method POST to /api/accounts/login
[2021-02-28T08:05:13.054] [INFO] server - Recived a request with method GET to /api/users
[2021-02-28T08:05:25.039] [INFO] server - Start server...
[2021-02-28T08:05:27.074] [INFO] server - Recived a request with method GET to /api/users
[2021-02-28T08:14:22.883] [INFO] server - Start server...
[2021-02-28T08:14:29.420] [INFO] server - Recived a request with method GET to /api/users
[2021-02-28T08:24:14.308] [INFO] server - Start server...
[2021-02-28T08:24:23.788] [INFO] server - Recived a request with method POST to /api/accounts/login
[2021-02-28T08:24:25.884] [INFO] server - Recived a request with method GET to /api/users
[2021-02-28T08:32:55.262] [INFO] server - Start server...
[2021-02-28T08:34:00.969] [INFO] server - Start server...
[2021-02-28T08:34:20.007] [INFO] server - Recived a request with method GET to /api/users
[2021-02-28T08:34:25.851] [INFO] server - Recived a request with method POST to /api/accounts/login
[2021-02-28T08:35:18.408] [INFO] server - Recived a request with method POST to /api/accounts/login
[2021-02-28T08:35:24.819] [INFO] server - Recived a request with method GET to /api/users
